<?xml version="1.0" encoding="utf-8"?><testsuites name="pytest tests"><testsuite name="pytest" errors="0" failures="0" skipped="0" tests="17" time="49.630" timestamp="2026-05-25T15:36:40.269604+00:00" hostname="agent-env-aa20c128-1668-407c-be31-a0ae60cc1a11"><testcase classname="backend.tests.backend_test.TestHealth" name="test_root" time="0.213" /><testcase classname="backend.tests.backend_test.TestLeads" name="test_create_lead_valid" time="0.071" /><testcase classname="backend.tests.backend_test.TestLeads" name="test_create_lead_invalid_email" time="0.063" /><testcase classname="backend.tests.backend_test.TestLeads" name="test_list_leads" time="0.063" /><testcase classname="backend.tests.backend_test.TestLeads" name="test_export_csv" time="0.069" /><testcase classname="backend.tests.backend_test.TestOrders" name="test_create_order_auto_paid" time="0.067" /><testcase classname="backend.tests.backend_test.TestOrders" name="test_get_order_by_token" time="0.069" /><testcase classname="backend.tests.backend_test.TestOrders" name="test_get_order_invalid_token" time="0.165" /><testcase classname="backend.tests.backend_test.TestOrders" name="test_download_kinds[pdf]" time="0.126" /><testcase classname="backend.tests.backend_test.TestOrders" name="test_download_kinds[epub]" time="0.192" /><testcase classname="backend.tests.backend_test.TestOrders" name="test_download_kinds[flipbook]" time="0.077" /><testcase classname="backend.tests.backend_test.TestOrders" name="test_download_invalid_token" time="0.077" /><testcase classname="backend.tests.backend_test.TestChat" name="test_chat_on_topic" time="17.763" /><testcase classname="backend.tests.backend_test.TestChat" name="test_chat_off_topic_gatekeeper" time="13.963" /><testcase classname="backend.tests.backend_test.TestChat" name="test_chat_history" time="16.397" /><testcase classname="backend.tests.backend_test.TestTrackingStats" name="test_track_event" time="0.096" /><testcase classname="backend.tests.backend_test.TestTrackingStats" name="test_stats" time="0.065" /></testsuite></testsuites>